<?xml version="1.0" encoding="UTF-8"?>
<!-- Generated by org.testng.reporters.JUnitReportReporter -->
<testsuite hostname="DESKTOP-86F5J9B" failures="0" tests="3" name="testngdemo.TestNgGroupexecution" time="1.376" errors="0" timestamp="2024-09-25T13:46:47 IST" skipped="0">
  <testcase classname="testngdemo.TestNgGroupexecution" name="FullName" time="0.185"/>
  <testcase classname="testngdemo.TestNgGroupexecution" name="EnterEmail" time="0.077"/>
  <testcase classname="testngdemo.TestNgGroupexecution" name="click_on_signup_button" time="1.114"/>
</testsuite> <!-- testngdemo.TestNgGroupexecution -->
